[
    {
        "timestamp": "2026-01-20 10:29:28",
        "package": "openssl",
        "action": "UPDATE",
        "old_version": "1.1.1f",
        "new_version": "3.0.8",
        "status": "SUCCESS"
    },
    {
        "timestamp": "2026-01-20 10:29:30",
        "package": "python3",
        "action": "UPDATE",
        "old_version": "3.8.10",
        "new_version": "3.11.2",
        "status": "SUCCESS"
    },
    {
        "timestamp": "2026-01-20 10:29:31",
        "package": "vim",
        "action": "UPDATE",
        "old_version": "8.1.2269",
        "new_version": "9.0.0",
        "status": "SUCCESS"
    }
]
